<?xml version="1.0" encoding="UTF-8"?>
<!-- Generated by org.testng.reporters.JUnitXMLReporter -->
<testsuite ignored="0" hostname="DESKTOP-31TC28M" failures="0" tests="11" name="Default test" time="54.266" errors="0" timestamp="2022-09-09T15:30:12 BDT">
  <testcase classname="com.bd.daraz" name="openUrl" time="5.149"/>
  <testcase classname="com.bd.daraz" name="Test1" time="4.622"/>
  <testcase classname="com.bd.daraz" name="Test2" time="0.673"/>
  <testcase classname="com.bd.daraz" name="Test3" time="0.706"/>
  <testcase classname="com.bd.daraz" name="Test4" time="0.779"/>
  <testcase classname="com.bd.daraz" name="Test5" time="17.658"/>
  <testcase classname="com.bd.daraz" name="Test6" time="10.608"/>
  <testcase classname="com.bd.daraz" name="Test7" time="4.093"/>
  <testcase classname="com.bd.daraz" name="Test8" time="0.838"/>
  <testcase classname="com.bd.daraz" name="Test9" time="0.722"/>
  <testcase classname="com.bd.daraz" name="Test10" time="8.33"/>
</testsuite> <!-- Default test -->
