<?xml version="1.0" encoding="UTF-8"?>
<testng-results ignored="0" total="11" passed="11" failed="0" skipped="0">
  <reporter-output>
  </reporter-output>
  <suite started-at="2022-09-09T15:29:18 BDT" name="Default suite" finished-at="2022-09-09T15:30:12 BDT" duration-ms="54266">
    <groups>
    </groups>
    <test started-at="2022-09-09T15:29:18 BDT" name="Default test" finished-at="2022-09-09T15:30:12 BDT" duration-ms="54266">
      <class name="com.bd.daraz">
        <test-method is-config="true" signature="start()[pri:0, instance:com.bd.daraz@5ab956d7]" started-at="2022-09-09T15:29:14 BDT" name="start" finished-at="2022-09-09T15:29:18 BDT" duration-ms="3265" status="PASS">
          <reporter-output>
          </reporter-output>
        </test-method> <!-- start -->
        <test-method signature="openUrl()[pri:0, instance:com.bd.daraz@5ab956d7]" started-at="2022-09-09T15:29:18 BDT" name="openUrl" finished-at="2022-09-09T15:29:23 BDT" duration-ms="5149" status="PASS">
          <reporter-output>
          </reporter-output>
        </test-method> <!-- openUrl -->
        <test-method signature="Test1()[pri:1, instance:com.bd.daraz@5ab956d7]" started-at="2022-09-09T15:29:23 BDT" name="Test1" finished-at="2022-09-09T15:29:27 BDT" duration-ms="4622" status="PASS">
          <reporter-output>
          </reporter-output>
        </test-method> <!-- Test1 -->
        <test-method signature="Test2()[pri:2, instance:com.bd.daraz@5ab956d7]" started-at="2022-09-09T15:29:27 BDT" name="Test2" finished-at="2022-09-09T15:29:28 BDT" duration-ms="673" status="PASS">
          <reporter-output>
          </reporter-output>
        </test-method> <!-- Test2 -->
        <test-method signature="Test3()[pri:3, instance:com.bd.daraz@5ab956d7]" started-at="2022-09-09T15:29:28 BDT" name="Test3" finished-at="2022-09-09T15:29:29 BDT" duration-ms="706" status="PASS">
          <reporter-output>
          </reporter-output>
        </test-method> <!-- Test3 -->
        <test-method signature="Test4()[pri:4, instance:com.bd.daraz@5ab956d7]" started-at="2022-09-09T15:29:29 BDT" name="Test4" finished-at="2022-09-09T15:29:30 BDT" duration-ms="779" status="PASS">
          <reporter-output>
          </reporter-output>
        </test-method> <!-- Test4 -->
        <test-method signature="Test5()[pri:5, instance:com.bd.daraz@5ab956d7]" started-at="2022-09-09T15:29:30 BDT" name="Test5" finished-at="2022-09-09T15:29:47 BDT" duration-ms="17658" status="PASS">
          <reporter-output>
          </reporter-output>
        </test-method> <!-- Test5 -->
        <test-method signature="Test6()[pri:6, instance:com.bd.daraz@5ab956d7]" started-at="2022-09-09T15:29:47 BDT" name="Test6" finished-at="2022-09-09T15:29:58 BDT" duration-ms="10608" status="PASS">
          <reporter-output>
          </reporter-output>
        </test-method> <!-- Test6 -->
        <test-method signature="Test7()[pri:7, instance:com.bd.daraz@5ab956d7]" started-at="2022-09-09T15:29:58 BDT" name="Test7" finished-at="2022-09-09T15:30:02 BDT" duration-ms="4093" status="PASS">
          <reporter-output>
          </reporter-output>
        </test-method> <!-- Test7 -->
        <test-method signature="Test8()[pri:8, instance:com.bd.daraz@5ab956d7]" started-at="2022-09-09T15:30:02 BDT" name="Test8" finished-at="2022-09-09T15:30:03 BDT" duration-ms="838" status="PASS">
          <reporter-output>
          </reporter-output>
        </test-method> <!-- Test8 -->
        <test-method signature="Test9()[pri:9, instance:com.bd.daraz@5ab956d7]" started-at="2022-09-09T15:30:03 BDT" name="Test9" finished-at="2022-09-09T15:30:03 BDT" duration-ms="722" status="PASS">
          <reporter-output>
          </reporter-output>
        </test-method> <!-- Test9 -->
        <test-method signature="Test10()[pri:10, instance:com.bd.daraz@5ab956d7]" started-at="2022-09-09T15:30:03 BDT" name="Test10" finished-at="2022-09-09T15:30:12 BDT" duration-ms="8330" status="PASS">
          <reporter-output>
          </reporter-output>
        </test-method> <!-- Test10 -->
        <test-method is-config="true" signature="close()[pri:0, instance:com.bd.daraz@5ab956d7]" started-at="2022-09-09T15:30:12 BDT" name="close" finished-at="2022-09-09T15:30:12 BDT" duration-ms="1" status="PASS">
          <reporter-output>
          </reporter-output>
        </test-method> <!-- close -->
      </class> <!-- com.bd.daraz -->
    </test> <!-- Default test -->
  </suite> <!-- Default suite -->
</testng-results>
